This file contains any messages produced by compilers while
running configure, to aid debugging if configure makes a mistake.

It was created by sumo configure 0.14.0, which was
generated by GNU Autoconf 2.68.  Invocation command line was

  $ ./configure --with-gdal-config=/home/samuel/Development/EcoGem/sumo-0.20/gdalBin/bin/gdal-config --with-gdal-libraries=/home/samuel/Development/EcoGem/sumo-0.20/gdalBin/lib --with-gdal-includes=/home/samuel/Development/EcoGem/sumo-0.20/gdalBin/include --with-fox-libraries=/home/samuel/Development/EcoGem/sumo-0.20/libfox-1.6.46-alt3.qa1.src/fox-1.6.46/lib --with-fox-includes=/home/samuel/Development/EcoGem/sumo-0.20/libfox-1.6.46-alt3.qa1.src/fox-1.6.46/include/fox-1.6 --enable-debug

## --------- ##
## Platform. ##
## --------- ##

hostname = samuelhiiberia
uname -m = x86_64
uname -r = 3.13.0-44-generic
uname -s = Linux
uname -v = #73-Ubuntu SMP Tue Dec 16 00:22:43 UTC 2014

/usr/bin/uname -p = unknown
/bin/uname -X     = unknown

/bin/arch              = unknown
/usr/bin/arch -k       = unknown
/usr/convex/getsysinfo = unknown
/usr/bin/hostinfo      = unknown
/bin/machine           = unknown
/usr/bin/oslevel       = unknown
/bin/universe          = unknown

PATH: /usr/local/sbin
PATH: /usr/local/bin
PATH: /usr/sbin
PATH: /usr/bin
PATH: /sbin
PATH: /bin
PATH: /usr/games
PATH: /usr/local/games
PATH: /usr/lib/jvm/jdk1.8.0/bin


## ----------- ##
## Core tests. ##
## ----------- ##

configure:2510: checking build system type
configure:2524: result: x86_64-unknown-linux-gnu
configure:2544: checking host system type
configure:2557: result: x86_64-unknown-linux-gnu
configure:2577: checking target system type
configure:2590: result: x86_64-unknown-linux-gnu
configure:2637: checking for a BSD-compatible install
configure:2705: result: /usr/bin/install -c
configure:2716: checking whether build environment is sane
configure:2766: result: yes
configure:2907: checking for a thread-safe mkdir -p
configure:2946: result: /bin/mkdir -p
configure:2959: checking for gawk
configure:2989: result: no
configure:2959: checking for mawk
configure:2975: found /usr/bin/mawk
configure:2986: result: mawk
configure:2997: checking whether make sets $(MAKE)
configure:3019: result: yes
configure:3094: checking how to create a ustar tar archive
configure:3107: tar --version
tar (GNU tar) 1.27.1
Copyright (C) 2013 Free Software Foundation, Inc.
License GPLv3+: GNU GPL version 3 or later <http://gnu.org/licenses/gpl.html>.
This is free software: you are free to change and redistribute it.
There is NO WARRANTY, to the extent permitted by law.

Written by John Gilmore and Jay Fenlason.
configure:3110: $? = 0
configure:3150: tardir=conftest.dir && eval tar --format=ustar -chf - "$tardir" >conftest.tar
configure:3153: $? = 0
configure:3157: tar -xf - <conftest.tar
configure:3160: $? = 0
configure:3173: result: gnutar
configure:3259: checking for gcc
configure:3275: found /usr/bin/gcc
configure:3286: result: gcc
configure:3515: checking for C compiler version
configure:3524: gcc --version >&5
gcc (Ubuntu 4.8.2-19ubuntu1) 4.8.2
Copyright (C) 2013 Free Software Foundation, Inc.
This is free software; see the source for copying conditions.  There is NO
warranty; not even for MERCHANTABILITY or FITNESS FOR A PARTICULAR PURPOSE.

configure:3535: $? = 0
configure:3524: gcc -v >&5
Using built-in specs.
COLLECT_GCC=gcc
COLLECT_LTO_WRAPPER=/usr/lib/gcc/x86_64-linux-gnu/4.8/lto-wrapper
Target: x86_64-linux-gnu
Configured with: ../src/configure -v --with-pkgversion='Ubuntu 4.8.2-19ubuntu1' --with-bugurl=file:///usr/share/doc/gcc-4.8/README.Bugs --enable-languages=c,c++,java,go,d,fortran,objc,obj-c++ --prefix=/usr --program-suffix=-4.8 --enable-shared --enable-linker-build-id --libexecdir=/usr/lib --without-included-gettext --enable-threads=posix --with-gxx-include-dir=/usr/include/c++/4.8 --libdir=/usr/lib --enable-nls --with-sysroot=/ --enable-clocale=gnu --enable-libstdcxx-debug --enable-libstdcxx-time=yes --enable-gnu-unique-object --disable-libmudflap --enable-plugin --with-system-zlib --disable-browser-plugin --enable-java-awt=gtk --enable-gtk-cairo --with-java-home=/usr/lib/jvm/java-1.5.0-gcj-4.8-amd64/jre --enable-java-home --with-jvm-root-dir=/usr/lib/jvm/java-1.5.0-gcj-4.8-amd64 --with-jvm-jar-dir=/usr/lib/jvm-exports/java-1.5.0-gcj-4.8-amd64 --with-arch-directory=amd64 --with-ecj-jar=/usr/share/java/eclipse-ecj.jar --enable-objc-gc --enable-multiarch --disable-werror --with-arch-32=i686 --with-abi=m64 --with-multilib-list=m32,m64,mx32 --with-tune=generic --enable-checking=release --build=x86_64-linux-gnu --host=x86_64-linux-gnu --target=x86_64-linux-gnu
Thread model: posix
gcc version 4.8.2 (Ubuntu 4.8.2-19ubuntu1) 
configure:3535: $? = 0
configure:3524: gcc -V >&5
gcc: error: unrecognized command line option '-V'
gcc: fatal error: no input files
compilation terminated.
configure:3535: $? = 4
configure:3524: gcc -qversion >&5
gcc: error: unrecognized command line option '-qversion'
gcc: fatal error: no input files
compilation terminated.
configure:3535: $? = 4
configure:3555: checking whether the C compiler works
configure:3577: gcc    conftest.c -lpthread -lGLU -lGL >&5
configure:3581: $? = 0
configure:3629: result: yes
configure:3632: checking for C compiler default output file name
configure:3634: result: a.out
configure:3640: checking for suffix of executables
configure:3647: gcc -o conftest    conftest.c -lpthread -lGLU -lGL >&5
configure:3651: $? = 0
configure:3673: result: 
configure:3695: checking whether we are cross compiling
configure:3703: gcc -o conftest    conftest.c -lpthread -lGLU -lGL >&5
configure:3707: $? = 0
configure:3714: ./conftest
configure:3718: $? = 0
configure:3733: result: no
configure:3738: checking for suffix of object files
configure:3760: gcc -c   conftest.c >&5
configure:3764: $? = 0
configure:3785: result: o
configure:3789: checking whether we are using the GNU C compiler
configure:3808: gcc -c   conftest.c >&5
configure:3808: $? = 0
configure:3817: result: yes
configure:3826: checking whether gcc accepts -g
configure:3846: gcc -c -g  conftest.c >&5
configure:3846: $? = 0
configure:3887: result: yes
configure:3904: checking for gcc option to accept ISO C89
configure:3968: gcc  -c -g -O2  conftest.c >&5
configure:3968: $? = 0
configure:3981: result: none needed
configure:4012: checking for style of include used by make
configure:4040: result: GNU
configure:4066: checking dependency style of gcc
configure:4177: result: gcc3
configure:4197: checking how to run the C preprocessor
configure:4228: gcc -E  conftest.c
configure:4228: $? = 0
configure:4242: gcc -E  conftest.c
conftest.c:12:28: fatal error: ac_nonexistent.h: No such file or directory
 #include <ac_nonexistent.h>
                            ^
compilation terminated.
configure:4242: $? = 1
configure: failed program was:
| /* confdefs.h */
| #define PACKAGE_NAME "sumo"
| #define PACKAGE_TARNAME "sumo"
| #define PACKAGE_VERSION "0.14.0"
| #define PACKAGE_STRING "sumo 0.14.0"
| #define PACKAGE_BUGREPORT ""
| #define PACKAGE_URL ""
| #define PACKAGE "sumo"
| #define VERSION "0.14.0"
| #define _DEBUG 1
| /* end confdefs.h.  */
| #include <ac_nonexistent.h>
configure:4267: result: gcc -E
configure:4287: gcc -E  conftest.c
configure:4287: $? = 0
configure:4301: gcc -E  conftest.c
conftest.c:12:28: fatal error: ac_nonexistent.h: No such file or directory
 #include <ac_nonexistent.h>
                            ^
compilation terminated.
configure:4301: $? = 1
configure: failed program was:
| /* confdefs.h */
| #define PACKAGE_NAME "sumo"
| #define PACKAGE_TARNAME "sumo"
| #define PACKAGE_VERSION "0.14.0"
| #define PACKAGE_STRING "sumo 0.14.0"
| #define PACKAGE_BUGREPORT ""
| #define PACKAGE_URL ""
| #define PACKAGE "sumo"
| #define VERSION "0.14.0"
| #define _DEBUG 1
| /* end confdefs.h.  */
| #include <ac_nonexistent.h>
configure:4387: checking for g++
configure:4403: found /usr/bin/g++
configure:4414: result: g++
configure:4441: checking for C++ compiler version
configure:4450: g++ --version >&5
g++ (Ubuntu 4.8.2-19ubuntu1) 4.8.2
Copyright (C) 2013 Free Software Foundation, Inc.
This is free software; see the source for copying conditions.  There is NO
warranty; not even for MERCHANTABILITY or FITNESS FOR A PARTICULAR PURPOSE.

configure:4461: $? = 0
configure:4450: g++ -v >&5
Using built-in specs.
COLLECT_GCC=g++
COLLECT_LTO_WRAPPER=/usr/lib/gcc/x86_64-linux-gnu/4.8/lto-wrapper
Target: x86_64-linux-gnu
Configured with: ../src/configure -v --with-pkgversion='Ubuntu 4.8.2-19ubuntu1' --with-bugurl=file:///usr/share/doc/gcc-4.8/README.Bugs --enable-languages=c,c++,java,go,d,fortran,objc,obj-c++ --prefix=/usr --program-suffix=-4.8 --enable-shared --enable-linker-build-id --libexecdir=/usr/lib --without-included-gettext --enable-threads=posix --with-gxx-include-dir=/usr/include/c++/4.8 --libdir=/usr/lib --enable-nls --with-sysroot=/ --enable-clocale=gnu --enable-libstdcxx-debug --enable-libstdcxx-time=yes --enable-gnu-unique-object --disable-libmudflap --enable-plugin --with-system-zlib --disable-browser-plugin --enable-java-awt=gtk --enable-gtk-cairo --with-java-home=/usr/lib/jvm/java-1.5.0-gcj-4.8-amd64/jre --enable-java-home --with-jvm-root-dir=/usr/lib/jvm/java-1.5.0-gcj-4.8-amd64 --with-jvm-jar-dir=/usr/lib/jvm-exports/java-1.5.0-gcj-4.8-amd64 --with-arch-directory=amd64 --with-ecj-jar=/usr/share/java/eclipse-ecj.jar --enable-objc-gc --enable-multiarch --disable-werror --with-arch-32=i686 --with-abi=m64 --with-multilib-list=m32,m64,mx32 --with-tune=generic --enable-checking=release --build=x86_64-linux-gnu --host=x86_64-linux-gnu --target=x86_64-linux-gnu
Thread model: posix
gcc version 4.8.2 (Ubuntu 4.8.2-19ubuntu1) 
configure:4461: $? = 0
configure:4450: g++ -V >&5
g++: error: unrecognized command line option '-V'
g++: fatal error: no input files
compilation terminated.
configure:4461: $? = 4
configure:4450: g++ -qversion >&5
g++: error: unrecognized command line option '-qversion'
g++: fatal error: no input files
compilation terminated.
configure:4461: $? = 4
configure:4465: checking whether we are using the GNU C++ compiler
configure:4484: g++ -c -g -pthread   conftest.cpp >&5
configure:4484: $? = 0
configure:4493: result: yes
configure:4502: checking whether g++ accepts -g
configure:4522: g++ -c -g  conftest.cpp >&5
configure:4522: $? = 0
configure:4563: result: yes
configure:4588: checking dependency style of g++
configure:4699: result: gcc3
configure:4715: checking whether ln -s works
configure:4719: result: yes
configure:4726: checking whether make sets $(MAKE)
configure:4748: result: yes
configure:4801: checking for ranlib
configure:4817: found /usr/bin/ranlib
configure:4828: result: ranlib
configure:4896: checking how to print strings
configure:4923: result: printf
configure:4944: checking for a sed that does not truncate output
configure:5008: result: /bin/sed
configure:5026: checking for grep that handles long lines and -e
configure:5084: result: /bin/grep
configure:5089: checking for egrep
configure:5151: result: /bin/grep -E
configure:5156: checking for fgrep
configure:5218: result: /bin/grep -F
configure:5253: checking for ld used by gcc
configure:5320: result: /usr/bin/ld
configure:5327: checking if the linker (/usr/bin/ld) is GNU ld
configure:5342: result: yes
configure:5354: checking for BSD- or MS-compatible name lister (nm)
configure:5403: result: /usr/bin/nm -B
configure:5533: checking the name lister (/usr/bin/nm -B) interface
configure:5540: gcc -c -g -O2  conftest.c >&5
configure:5543: /usr/bin/nm -B "conftest.o"
configure:5546: output
0000000000000000 B some_variable
configure:5553: result: BSD nm
configure:5557: checking the maximum length of command line arguments
configure:5687: result: 1572864
configure:5704: checking whether the shell understands some XSI constructs
configure:5714: result: yes
configure:5718: checking whether the shell understands "+="
configure:5724: result: yes
configure:5759: checking how to convert x86_64-unknown-linux-gnu file names to x86_64-unknown-linux-gnu format
configure:5799: result: func_convert_file_noop
configure:5806: checking how to convert x86_64-unknown-linux-gnu file names to toolchain format
configure:5826: result: func_convert_file_noop
configure:5833: checking for /usr/bin/ld option to reload object files
configure:5840: result: -r
configure:5914: checking for objdump
configure:5930: found /usr/bin/objdump
configure:5941: result: objdump
configure:5973: checking how to recognize dependent libraries
configure:6175: result: pass_all
configure:6260: checking for dlltool
configure:6290: result: no
configure:6320: checking how to associate runtime and link libraries
configure:6347: result: printf %s\n
configure:6408: checking for ar
configure:6424: found /usr/bin/ar
configure:6435: result: ar
configure:6472: checking for archiver @FILE support
configure:6489: gcc -c -g -O2  conftest.c >&5
configure:6489: $? = 0
configure:6492: ar cru libconftest.a @conftest.lst >&5
configure:6495: $? = 0
configure:6500: ar cru libconftest.a @conftest.lst >&5
ar: conftest.o: No such file or directory
configure:6503: $? = 1
configure:6515: result: @
configure:6573: checking for strip
configure:6589: found /usr/bin/strip
configure:6600: result: strip
configure:6672: checking for ranlib
configure:6699: result: ranlib
configure:6801: checking command to parse /usr/bin/nm -B output from gcc object
configure:6921: gcc -c -g -O2  conftest.c >&5
configure:6924: $? = 0
configure:6928: /usr/bin/nm -B conftest.o \| sed -n -e 's/^.*[ ]\([ABCDGIRSTW][ABCDGIRSTW]*\)[ ][ ]*\([_A-Za-z][_A-Za-z0-9]*\)$/\1 \2 \2/p' | sed '/ __gnu_lto/d' \> conftest.nm
configure:6931: $? = 0
configure:6997: gcc -o conftest -g -O2   conftest.c conftstm.o >&5
configure:7000: $? = 0
configure:7038: result: ok
configure:7075: checking for sysroot
configure:7105: result: no
configure:7182: gcc -c -g -O2  conftest.c >&5
configure:7185: $? = 0
configure:7361: checking for mt
configure:7377: found /bin/mt
configure:7388: result: mt
configure:7411: checking if mt is a manifest tool
configure:7417: mt '-?'
configure:7425: result: no
configure:8063: checking for ANSI C header files
configure:8083: gcc -c -g -O2  conftest.c >&5
configure:8083: $? = 0
configure:8156: gcc -o conftest -g -O2   conftest.c -lpthread -lGLU -lGL >&5
configure:8156: $? = 0
configure:8156: ./conftest
configure:8156: $? = 0
configure:8167: result: yes
configure:8180: checking for sys/types.h
configure:8180: gcc -c -g -O2  conftest.c >&5
configure:8180: $? = 0
configure:8180: result: yes
configure:8180: checking for sys/stat.h
configure:8180: gcc -c -g -O2  conftest.c >&5
configure:8180: $? = 0
configure:8180: result: yes
configure:8180: checking for stdlib.h
configure:8180: gcc -c -g -O2  conftest.c >&5
configure:8180: $? = 0
configure:8180: result: yes
configure:8180: checking for string.h
configure:8180: gcc -c -g -O2  conftest.c >&5
configure:8180: $? = 0
configure:8180: result: yes
configure:8180: checking for memory.h
configure:8180: gcc -c -g -O2  conftest.c >&5
configure:8180: $? = 0
configure:8180: result: yes
configure:8180: checking for strings.h
configure:8180: gcc -c -g -O2  conftest.c >&5
configure:8180: $? = 0
configure:8180: result: yes
configure:8180: checking for inttypes.h
configure:8180: gcc -c -g -O2  conftest.c >&5
configure:8180: $? = 0
configure:8180: result: yes
configure:8180: checking for stdint.h
configure:8180: gcc -c -g -O2  conftest.c >&5
configure:8180: $? = 0
configure:8180: result: yes
configure:8180: checking for unistd.h
configure:8180: gcc -c -g -O2  conftest.c >&5
configure:8180: $? = 0
configure:8180: result: yes
configure:8194: checking for dlfcn.h
configure:8194: gcc -c -g -O2  conftest.c >&5
configure:8194: $? = 0
configure:8194: result: yes
configure:8411: checking for objdir
configure:8426: result: .libs
configure:8693: checking if gcc supports -fno-rtti -fno-exceptions
configure:8711: gcc -c -g -O2  -fno-rtti -fno-exceptions conftest.c >&5
cc1: warning: command line option '-fno-rtti' is valid for C++/ObjC++ but not for C [enabled by default]
configure:8715: $? = 0
configure:8728: result: no
configure:9055: checking for gcc option to produce PIC
configure:9062: result: -fPIC -DPIC
configure:9070: checking if gcc PIC flag -fPIC -DPIC works
configure:9088: gcc -c -g -O2  -fPIC -DPIC -DPIC conftest.c >&5
configure:9092: $? = 0
configure:9105: result: yes
configure:9134: checking if gcc static flag -static works
configure:9162: result: no
configure:9177: checking if gcc supports -c -o file.o
configure:9198: gcc -c -g -O2  -o out/conftest2.o conftest.c >&5
configure:9202: $? = 0
configure:9224: result: yes
configure:9232: checking if gcc supports -c -o file.o
configure:9279: result: yes
configure:9312: checking whether the gcc linker (/usr/bin/ld -m elf_x86_64) supports shared libraries
configure:10469: result: yes
configure:10506: checking whether -lc should be explicitly linked in
configure:10514: gcc -c -g -O2  conftest.c >&5
configure:10517: $? = 0
configure:10532: gcc -shared  -fPIC -DPIC conftest.o  -v -Wl,-soname -Wl,conftest -o conftest 2\>\&1 \| /bin/grep  -lc  \>/dev/null 2\>\&1
configure:10535: $? = 0
configure:10549: result: no
configure:10709: checking dynamic linker characteristics
configure:11220: gcc -o conftest -g -O2   -Wl,-rpath -Wl,/foo conftest.c -lpthread -lGLU -lGL >&5
configure:11220: $? = 0
configure:11454: result: GNU/Linux ld.so
configure:11561: checking how to hardcode library paths into programs
configure:11586: result: immediate
configure:12126: checking whether stripping libraries is possible
configure:12131: result: yes
configure:12166: checking if libtool supports shared libraries
configure:12168: result: yes
configure:12171: checking whether to build shared libraries
configure:12192: result: yes
configure:12195: checking whether to build static libraries
configure:12199: result: yes
configure:12222: checking how to run the C++ preprocessor
configure:12249: g++ -E  conftest.cpp
configure:12249: $? = 0
configure:12263: g++ -E  conftest.cpp
conftest.cpp:24:28: fatal error: ac_nonexistent.h: No such file or directory
 #include <ac_nonexistent.h>
                            ^
compilation terminated.
configure:12263: $? = 1
configure: failed program was:
| /* confdefs.h */
| #define PACKAGE_NAME "sumo"
| #define PACKAGE_TARNAME "sumo"
| #define PACKAGE_VERSION "0.14.0"
| #define PACKAGE_STRING "sumo 0.14.0"
| #define PACKAGE_BUGREPORT ""
| #define PACKAGE_URL ""
| #define PACKAGE "sumo"
| #define VERSION "0.14.0"
| #define _DEBUG 1
| #define STDC_HEADERS 1
| #define HAVE_SYS_TYPES_H 1
| #define HAVE_SYS_STAT_H 1
| #define HAVE_STDLIB_H 1
| #define HAVE_STRING_H 1
| #define HAVE_MEMORY_H 1
| #define HAVE_STRINGS_H 1
| #define HAVE_INTTYPES_H 1
| #define HAVE_STDINT_H 1
| #define HAVE_UNISTD_H 1
| #define HAVE_DLFCN_H 1
| #define LT_OBJDIR ".libs/"
| /* end confdefs.h.  */
| #include <ac_nonexistent.h>
configure:12288: result: g++ -E
configure:12308: g++ -E  conftest.cpp
configure:12308: $? = 0
configure:12322: g++ -E  conftest.cpp
conftest.cpp:24:28: fatal error: ac_nonexistent.h: No such file or directory
 #include <ac_nonexistent.h>
                            ^
compilation terminated.
configure:12322: $? = 1
configure: failed program was:
| /* confdefs.h */
| #define PACKAGE_NAME "sumo"
| #define PACKAGE_TARNAME "sumo"
| #define PACKAGE_VERSION "0.14.0"
| #define PACKAGE_STRING "sumo 0.14.0"
| #define PACKAGE_BUGREPORT ""
| #define PACKAGE_URL ""
| #define PACKAGE "sumo"
| #define VERSION "0.14.0"
| #define _DEBUG 1
| #define STDC_HEADERS 1
| #define HAVE_SYS_TYPES_H 1
| #define HAVE_SYS_STAT_H 1
| #define HAVE_STDLIB_H 1
| #define HAVE_STRING_H 1
| #define HAVE_MEMORY_H 1
| #define HAVE_STRINGS_H 1
| #define HAVE_INTTYPES_H 1
| #define HAVE_STDINT_H 1
| #define HAVE_UNISTD_H 1
| #define HAVE_DLFCN_H 1
| #define LT_OBJDIR ".libs/"
| /* end confdefs.h.  */
| #include <ac_nonexistent.h>
configure:12491: checking for ld used by g++
configure:12558: result: /usr/bin/ld -m elf_x86_64
configure:12565: checking if the linker (/usr/bin/ld -m elf_x86_64) is GNU ld
configure:12580: result: yes
configure:12635: checking whether the g++ linker (/usr/bin/ld -m elf_x86_64) supports shared libraries
configure:13640: result: yes
configure:13676: g++ -c -g -pthread   conftest.cpp >&5
configure:13679: $? = 0
configure:14199: checking for g++ option to produce PIC
configure:14206: result: -fPIC -DPIC
configure:14214: checking if g++ PIC flag -fPIC -DPIC works
configure:14232: g++ -c -g -pthread   -fPIC -DPIC -DPIC conftest.cpp >&5
configure:14236: $? = 0
configure:14249: result: yes
configure:14272: checking if g++ static flag -static works
configure:14300: result: no
configure:14312: checking if g++ supports -c -o file.o
configure:14333: g++ -c -g -pthread   -o out/conftest2.o conftest.cpp >&5
configure:14337: $? = 0
configure:14359: result: yes
configure:14364: checking if g++ supports -c -o file.o
configure:14411: result: yes
configure:14441: checking whether the g++ linker (/usr/bin/ld -m elf_x86_64) supports shared libraries
configure:14480: result: yes
configure:14621: checking dynamic linker characteristics
configure:15300: result: GNU/Linux ld.so
configure:15353: checking how to hardcode library paths into programs
configure:15378: result: immediate
configure:15586: checking for pkg-config
configure:15604: found /usr/bin/pkg-config
configure:15616: result: /usr/bin/pkg-config
configure:15641: checking pkg-config is at least version 0.9.0
configure:15644: result: yes
configure:15654: checking for XERCES
configure:15661: $PKG_CONFIG --exists --print-errors "xerces-c >= 3.0"
configure:15664: $? = 0
configure:15678: $PKG_CONFIG --exists --print-errors "xerces-c >= 3.0"
configure:15681: $? = 0
configure:15723: result: yes
configure:15825: checking for main in -lxerces-c
configure:15844: gcc -o conftest -g -O2   conftest.c -lxerces-c  -lpthread -lGLU -lGL >&5
configure:15844: $? = 0
configure:15854: result: yes
configure:15919: checking xercesc/util/XercesVersion.hpp usability
configure:15919: gcc -c -g -O2  -I/usr/local/include -I/usr/include conftest.c >&5
configure:15919: $? = 0
configure:15919: result: yes
configure:15919: checking xercesc/util/XercesVersion.hpp presence
configure:15919: gcc -E  -I/usr/local/include -I/usr/include conftest.c
configure:15919: $? = 0
configure:15919: result: yes
configure:15919: checking for xercesc/util/XercesVersion.hpp
configure:15919: result: yes
configure:15972: checking for main in -lproj
configure:15991: gcc -o conftest -g -O2   conftest.c -lproj  -lpthread -lGLU -lGL >&5
configure:15991: $? = 0
configure:16001: result: yes
configure:16064: checking proj_api.h usability
configure:16064: gcc -c -g -O2  conftest.c >&5
configure:16064: $? = 0
configure:16064: result: yes
configure:16064: checking proj_api.h presence
configure:16064: gcc -E  conftest.c
configure:16064: $? = 0
configure:16064: result: yes
configure:16064: checking for proj_api.h
configure:16064: result: yes
configure:16159: checking for main in -lgdal
configure:16178: gcc -o conftest -g -O2  -L/home/samuel/Development/EcoGem/sumo-0.20/gdalBin/lib conftest.c -lgdal  -lpthread -lGLU -lGL >&5
configure:16178: $? = 0
configure:16188: result: yes
configure:16224: checking ogr_api.h usability
configure:16224: gcc -c -g -O2 -I/home/samuel/Development/EcoGem/sumo-0.20/gdalBin/include conftest.c >&5
configure:16224: $? = 0
configure:16224: result: yes
configure:16224: checking ogr_api.h presence
configure:16224: gcc -E -I/home/samuel/Development/EcoGem/sumo-0.20/gdalBin/include conftest.c
configure:16224: $? = 0
configure:16224: result: yes
configure:16224: checking for ogr_api.h
configure:16224: result: yes
configure:16322: checking for main in -lFOX-1.6
configure:16341: gcc -o conftest -g -O2  -L/home/samuel/Development/EcoGem/sumo-0.20/libfox-1.6.46-alt3.qa1.src/fox-1.6.46/lib conftest.c -lFOX-1.6  -lpthread -lGLU -lGL >&5
configure:16341: $? = 0
configure:16351: result: yes
configure:16387: checking fxver.h usability
configure:16387: gcc -c -g -O2 -I/home/samuel/Development/EcoGem/sumo-0.20/libfox-1.6.46-alt3.qa1.src/fox-1.6.46/include/fox-1.6 -I/usr/include/fox-1.6 conftest.c >&5
configure:16387: $? = 0
configure:16387: result: yes
configure:16387: checking fxver.h presence
configure:16387: gcc -E -I/home/samuel/Development/EcoGem/sumo-0.20/libfox-1.6.46-alt3.qa1.src/fox-1.6.46/include/fox-1.6 -I/usr/include/fox-1.6 conftest.c
configure:16387: $? = 0
configure:16387: result: yes
configure:16387: checking for fxver.h
configure:16387: result: yes
configure:16410: checking GL/gl.h usability
configure:16410: gcc -c -g -O2  conftest.c >&5
configure:16410: $? = 0
configure:16410: result: yes
configure:16410: checking GL/gl.h presence
configure:16410: gcc -E  conftest.c
configure:16410: $? = 0
configure:16410: result: yes
configure:16410: checking for GL/gl.h
configure:16410: result: yes
configure:16410: checking GL/glu.h usability
configure:16410: gcc -c -g -O2  conftest.c >&5
configure:16410: $? = 0
configure:16410: result: yes
configure:16410: checking GL/glu.h presence
configure:16410: gcc -E  conftest.c
configure:16410: $? = 0
configure:16410: result: yes
configure:16410: checking for GL/glu.h
configure:16410: result: yes
configure:16506: checking for size_t
configure:16506: gcc -c -g -O2  conftest.c >&5
configure:16506: $? = 0
configure:16506: gcc -c -g -O2  conftest.c >&5
conftest.c: In function 'main':
conftest.c:72:21: error: expected expression before ')' token
 if (sizeof ((size_t)))
                     ^
configure:16506: $? = 1
configure: failed program was:
| /* confdefs.h */
| #define PACKAGE_NAME "sumo"
| #define PACKAGE_TARNAME "sumo"
| #define PACKAGE_VERSION "0.14.0"
| #define PACKAGE_STRING "sumo 0.14.0"
| #define PACKAGE_BUGREPORT ""
| #define PACKAGE_URL ""
| #define PACKAGE "sumo"
| #define VERSION "0.14.0"
| #define _DEBUG 1
| #define STDC_HEADERS 1
| #define HAVE_SYS_TYPES_H 1
| #define HAVE_SYS_STAT_H 1
| #define HAVE_STDLIB_H 1
| #define HAVE_STRING_H 1
| #define HAVE_MEMORY_H 1
| #define HAVE_STRINGS_H 1
| #define HAVE_INTTYPES_H 1
| #define HAVE_STDINT_H 1
| #define HAVE_UNISTD_H 1
| #define HAVE_DLFCN_H 1
| #define LT_OBJDIR ".libs/"
| #define HAVE_INTERNAL_LANES 1
| #define SUMOReal double
| #define HAVE_SUBSECOND_TIMESTEPS 1
| #define POSITION_EPS 0.1
| #define OUTPUT_ACCURACY 2
| #define GEO_OUTPUT_ACCURACY 6
| #define XERCES3_SIZE_t XMLSize_t
| #define VERSION_STRING "0.14.0"
| #define HAVE_PROJ 1
| #define HAVE_GDAL 1
| #define HAVE_GL_GL_H 1
| #define HAVE_GL_GLU_H 1
| /* end confdefs.h.  */
| #include <stdio.h>
| #ifdef HAVE_SYS_TYPES_H
| # include <sys/types.h>
| #endif
| #ifdef HAVE_SYS_STAT_H
| # include <sys/stat.h>
| #endif
| #ifdef STDC_HEADERS
| # include <stdlib.h>
| # include <stddef.h>
| #else
| # ifdef HAVE_STDLIB_H
| #  include <stdlib.h>
| # endif
| #endif
| #ifdef HAVE_STRING_H
| # if !defined STDC_HEADERS && defined HAVE_MEMORY_H
| #  include <memory.h>
| # endif
| # include <string.h>
| #endif
| #ifdef HAVE_STRINGS_H
| # include <strings.h>
| #endif
| #ifdef HAVE_INTTYPES_H
| # include <inttypes.h>
| #endif
| #ifdef HAVE_STDINT_H
| # include <stdint.h>
| #endif
| #ifdef HAVE_UNISTD_H
| # include <unistd.h>
| #endif
| int
| main ()
| {
| if (sizeof ((size_t)))
| 	    return 0;
|   ;
|   return 0;
| }
configure:16506: result: yes
configure:16519: checking for working alloca.h
configure:16536: gcc -o conftest -g -O2   conftest.c -lpthread -lGLU -lGL >&5
configure:16536: $? = 0
configure:16544: result: yes
configure:16552: checking for alloca
configure:16589: gcc -o conftest -g -O2   conftest.c -lpthread -lGLU -lGL >&5
configure:16589: $? = 0
configure:16597: result: yes
configure:16706: checking for ANSI C header files
configure:16810: result: yes
configure:16821: checking float.h usability
configure:16821: gcc -c -g -O2  conftest.c >&5
configure:16821: $? = 0
configure:16821: result: yes
configure:16821: checking float.h presence
configure:16821: gcc -E  conftest.c
configure:16821: $? = 0
configure:16821: result: yes
configure:16821: checking for float.h
configure:16821: result: yes
configure:16821: checking limits.h usability
configure:16821: gcc -c -g -O2  conftest.c >&5
configure:16821: $? = 0
configure:16821: result: yes
configure:16821: checking limits.h presence
configure:16821: gcc -E  conftest.c
configure:16821: $? = 0
configure:16821: result: yes
configure:16821: checking for limits.h
configure:16821: result: yes
configure:16821: checking malloc.h usability
configure:16821: gcc -c -g -O2  conftest.c >&5
configure:16821: $? = 0
configure:16821: result: yes
configure:16821: checking malloc.h presence
configure:16821: gcc -E  conftest.c
configure:16821: $? = 0
configure:16821: result: yes
configure:16821: checking for malloc.h
configure:16821: result: yes
configure:16821: checking math.h usability
configure:16821: gcc -c -g -O2  conftest.c >&5
configure:16821: $? = 0
configure:16821: result: yes
configure:16821: checking math.h presence
configure:16821: gcc -E  conftest.c
configure:16821: $? = 0
configure:16821: result: yes
configure:16821: checking for math.h
configure:16821: result: yes
configure:16821: checking stddef.h usability
configure:16821: gcc -c -g -O2  conftest.c >&5
configure:16821: $? = 0
configure:16821: result: yes
configure:16821: checking stddef.h presence
configure:16821: gcc -E  conftest.c
configure:16821: $? = 0
configure:16821: result: yes
configure:16821: checking for stddef.h
configure:16821: result: yes
configure:16821: checking for stdlib.h
configure:16821: result: yes
configure:16821: checking for string.h
configure:16821: result: yes
configure:16821: checking sys/time.h usability
configure:16821: gcc -c -g -O2  conftest.c >&5
configure:16821: $? = 0
configure:16821: result: yes
configure:16821: checking sys/time.h presence
configure:16821: gcc -E  conftest.c
configure:16821: $? = 0
configure:16821: result: yes
configure:16821: checking for sys/time.h
configure:16821: result: yes
configure:16821: checking for unistd.h
configure:16821: result: yes
configure:16821: checking wchar.h usability
configure:16821: gcc -c -g -O2  conftest.c >&5
configure:16821: $? = 0
configure:16821: result: yes
configure:16821: checking wchar.h presence
configure:16821: gcc -E  conftest.c
configure:16821: $? = 0
configure:16821: result: yes
configure:16821: checking for wchar.h
configure:16821: result: yes
configure:16832: checking for stdbool.h that conforms to C99
configure:16899: gcc -c -g -O2  conftest.c >&5
configure:16899: $? = 0
configure:16906: result: yes
configure:16908: checking for _Bool
configure:16908: gcc -c -g -O2  conftest.c >&5
configure:16908: $? = 0
configure:16908: gcc -c -g -O2  conftest.c >&5
conftest.c: In function 'main':
conftest.c:85:20: error: expected expression before ')' token
 if (sizeof ((_Bool)))
                    ^
configure:16908: $? = 1
configure: failed program was:
| /* confdefs.h */
| #define PACKAGE_NAME "sumo"
| #define PACKAGE_TARNAME "sumo"
| #define PACKAGE_VERSION "0.14.0"
| #define PACKAGE_STRING "sumo 0.14.0"
| #define PACKAGE_BUGREPORT ""
| #define PACKAGE_URL ""
| #define PACKAGE "sumo"
| #define VERSION "0.14.0"
| #define _DEBUG 1
| #define STDC_HEADERS 1
| #define HAVE_SYS_TYPES_H 1
| #define HAVE_SYS_STAT_H 1
| #define HAVE_STDLIB_H 1
| #define HAVE_STRING_H 1
| #define HAVE_MEMORY_H 1
| #define HAVE_STRINGS_H 1
| #define HAVE_INTTYPES_H 1
| #define HAVE_STDINT_H 1
| #define HAVE_UNISTD_H 1
| #define HAVE_DLFCN_H 1
| #define LT_OBJDIR ".libs/"
| #define HAVE_INTERNAL_LANES 1
| #define SUMOReal double
| #define HAVE_SUBSECOND_TIMESTEPS 1
| #define POSITION_EPS 0.1
| #define OUTPUT_ACCURACY 2
| #define GEO_OUTPUT_ACCURACY 6
| #define XERCES3_SIZE_t XMLSize_t
| #define VERSION_STRING "0.14.0"
| #define HAVE_PROJ 1
| #define HAVE_GDAL 1
| #define HAVE_GL_GL_H 1
| #define HAVE_GL_GLU_H 1
| #define HAVE_ALLOCA_H 1
| #define HAVE_ALLOCA 1
| #define STDC_HEADERS 1
| #define HAVE_FLOAT_H 1
| #define HAVE_LIMITS_H 1
| #define HAVE_MALLOC_H 1
| #define HAVE_MATH_H 1
| #define HAVE_STDDEF_H 1
| #define HAVE_STDLIB_H 1
| #define HAVE_STRING_H 1
| #define HAVE_SYS_TIME_H 1
| #define HAVE_UNISTD_H 1
| #define HAVE_WCHAR_H 1
| /* end confdefs.h.  */
| #include <stdio.h>
| #ifdef HAVE_SYS_TYPES_H
| # include <sys/types.h>
| #endif
| #ifdef HAVE_SYS_STAT_H
| # include <sys/stat.h>
| #endif
| #ifdef STDC_HEADERS
| # include <stdlib.h>
| # include <stddef.h>
| #else
| # ifdef HAVE_STDLIB_H
| #  include <stdlib.h>
| # endif
| #endif
| #ifdef HAVE_STRING_H
| # if !defined STDC_HEADERS && defined HAVE_MEMORY_H
| #  include <memory.h>
| # endif
| # include <string.h>
| #endif
| #ifdef HAVE_STRINGS_H
| # include <strings.h>
| #endif
| #ifdef HAVE_INTTYPES_H
| # include <inttypes.h>
| #endif
| #ifdef HAVE_STDINT_H
| # include <stdint.h>
| #endif
| #ifdef HAVE_UNISTD_H
| # include <unistd.h>
| #endif
| int
| main ()
| {
| if (sizeof ((_Bool)))
| 	    return 0;
|   ;
|   return 0;
| }
configure:16908: result: yes
configure:16924: checking for an ANSI C-conforming const
configure:16989: gcc -c -g -O2  conftest.c >&5
configure:16989: $? = 0
configure:16996: result: yes
configure:17004: checking for inline
configure:17020: gcc -c -g -O2  conftest.c >&5
configure:17020: $? = 0
configure:17028: result: inline
configure:17046: checking for size_t
configure:17046: result: yes
configure:17057: checking whether time.h and sys/time.h may both be included
configure:17077: gcc -c -g -O2  conftest.c >&5
configure:17077: $? = 0
configure:17084: result: yes
configure:17092: checking whether struct tm is in sys/time.h or time.h
configure:17112: gcc -c -g -O2  conftest.c >&5
configure:17112: $? = 0
configure:17119: result: time.h
configure:17127: checking for working volatile
configure:17146: gcc -c -g -O2  conftest.c >&5
configure:17146: $? = 0
configure:17153: result: yes
configure:17162: checking for error_at_line
configure:17178: gcc -o conftest -g -O2   conftest.c -lpthread -lGLU -lGL >&5
configure:17178: $? = 0
configure:17186: result: yes
configure:17199: checking for stdlib.h
configure:17199: result: yes
configure:17209: checking for GNU libc compatible malloc
configure:17233: gcc -o conftest -g -O2   conftest.c -lpthread -lGLU -lGL >&5
configure:17233: $? = 0
configure:17233: ./conftest
configure:17233: $? = 0
configure:17243: result: yes
configure:17267: checking sys/select.h usability
configure:17267: gcc -c -g -O2  conftest.c >&5
configure:17267: $? = 0
configure:17267: result: yes
configure:17267: checking sys/select.h presence
configure:17267: gcc -E  conftest.c
configure:17267: $? = 0
configure:17267: result: yes
configure:17267: checking for sys/select.h
configure:17267: result: yes
configure:17267: checking sys/socket.h usability
configure:17267: gcc -c -g -O2  conftest.c >&5
configure:17267: $? = 0
configure:17267: result: yes
configure:17267: checking sys/socket.h presence
configure:17267: gcc -E  conftest.c
configure:17267: $? = 0
configure:17267: result: yes
configure:17267: checking for sys/socket.h
configure:17267: result: yes
configure:17277: checking types of arguments for select
configure:17305: gcc -c -g -O2  conftest.c >&5
configure:17305: $? = 0
configure:17316: result: int,fd_set *,struct timeval *
configure:17339: checking return type of signal handlers
configure:17357: gcc -c -g -O2  conftest.c >&5
conftest.c: In function 'main':
conftest.c:65:1: error: void value not ignored as it ought to be
 return *(signal (0, 0)) (0) == 1;
 ^
configure:17357: $? = 1
configure: failed program was:
| /* confdefs.h */
| #define PACKAGE_NAME "sumo"
| #define PACKAGE_TARNAME "sumo"
| #define PACKAGE_VERSION "0.14.0"
| #define PACKAGE_STRING "sumo 0.14.0"
| #define PACKAGE_BUGREPORT ""
| #define PACKAGE_URL ""
| #define PACKAGE "sumo"
| #define VERSION "0.14.0"
| #define _DEBUG 1
| #define STDC_HEADERS 1
| #define HAVE_SYS_TYPES_H 1
| #define HAVE_SYS_STAT_H 1
| #define HAVE_STDLIB_H 1
| #define HAVE_STRING_H 1
| #define HAVE_MEMORY_H 1
| #define HAVE_STRINGS_H 1
| #define HAVE_INTTYPES_H 1
| #define HAVE_STDINT_H 1
| #define HAVE_UNISTD_H 1
| #define HAVE_DLFCN_H 1
| #define LT_OBJDIR ".libs/"
| #define HAVE_INTERNAL_LANES 1
| #define SUMOReal double
| #define HAVE_SUBSECOND_TIMESTEPS 1
| #define POSITION_EPS 0.1
| #define OUTPUT_ACCURACY 2
| #define GEO_OUTPUT_ACCURACY 6
| #define XERCES3_SIZE_t XMLSize_t
| #define VERSION_STRING "0.14.0"
| #define HAVE_PROJ 1
| #define HAVE_GDAL 1
| #define HAVE_GL_GL_H 1
| #define HAVE_GL_GLU_H 1
| #define HAVE_ALLOCA_H 1
| #define HAVE_ALLOCA 1
| #define STDC_HEADERS 1
| #define HAVE_FLOAT_H 1
| #define HAVE_LIMITS_H 1
| #define HAVE_MALLOC_H 1
| #define HAVE_MATH_H 1
| #define HAVE_STDDEF_H 1
| #define HAVE_STDLIB_H 1
| #define HAVE_STRING_H 1
| #define HAVE_SYS_TIME_H 1
| #define HAVE_UNISTD_H 1
| #define HAVE_WCHAR_H 1
| #define HAVE__BOOL 1
| #define HAVE_STDBOOL_H 1
| #define TIME_WITH_SYS_TIME 1
| #define HAVE_STDLIB_H 1
| #define HAVE_MALLOC 1
| #define HAVE_SYS_SELECT_H 1
| #define HAVE_SYS_SOCKET_H 1
| #define SELECT_TYPE_ARG1 int
| #define SELECT_TYPE_ARG234 (fd_set *)
| #define SELECT_TYPE_ARG5 (struct timeval *)
| /* end confdefs.h.  */
| #include <sys/types.h>
| #include <signal.h>
| 
| int
| main ()
| {
| return *(signal (0, 0)) (0) == 1;
|   ;
|   return 0;
| }
configure:17364: result: void
configure:17372: checking whether lstat correctly handles trailing slash
configure:17398: gcc -o conftest -g -O2   conftest.c -lpthread -lGLU -lGL >&5
configure:17398: $? = 0
configure:17398: ./conftest
configure:17398: $? = 0
configure:17415: result: yes
configure:17434: checking whether stat accepts an empty string
configure:17454: gcc -o conftest -g -O2   conftest.c -lpthread -lGLU -lGL >&5
configure:17454: $? = 0
configure:17454: ./conftest
configure:17454: $? = 0
configure:17464: result: no
configure:17483: checking for floor
configure:17483: gcc -o conftest -g -O2   conftest.c -lpthread -lGLU -lGL >&5
conftest.c:84:6: warning: conflicting types for built-in function 'floor' [enabled by default]
 char floor ();
      ^
/tmp/ccwGb7EP.o: In function `main':
/home/samuel/Development/EcoGem/Nas/sumo-0.14.0-hib/conftest.c:95: undefined reference to `floor'
collect2: error: ld returned 1 exit status
configure:17483: $? = 1
configure: failed program was:
| /* confdefs.h */
| #define PACKAGE_NAME "sumo"
| #define PACKAGE_TARNAME "sumo"
| #define PACKAGE_VERSION "0.14.0"
| #define PACKAGE_STRING "sumo 0.14.0"
| #define PACKAGE_BUGREPORT ""
| #define PACKAGE_URL ""
| #define PACKAGE "sumo"
| #define VERSION "0.14.0"
| #define _DEBUG 1
| #define STDC_HEADERS 1
| #define HAVE_SYS_TYPES_H 1
| #define HAVE_SYS_STAT_H 1
| #define HAVE_STDLIB_H 1
| #define HAVE_STRING_H 1
| #define HAVE_MEMORY_H 1
| #define HAVE_STRINGS_H 1
| #define HAVE_INTTYPES_H 1
| #define HAVE_STDINT_H 1
| #define HAVE_UNISTD_H 1
| #define HAVE_DLFCN_H 1
| #define LT_OBJDIR ".libs/"
| #define HAVE_INTERNAL_LANES 1
| #define SUMOReal double
| #define HAVE_SUBSECOND_TIMESTEPS 1
| #define POSITION_EPS 0.1
| #define OUTPUT_ACCURACY 2
| #define GEO_OUTPUT_ACCURACY 6
| #define XERCES3_SIZE_t XMLSize_t
| #define VERSION_STRING "0.14.0"
| #define HAVE_PROJ 1
| #define HAVE_GDAL 1
| #define HAVE_GL_GL_H 1
| #define HAVE_GL_GLU_H 1
| #define HAVE_ALLOCA_H 1
| #define HAVE_ALLOCA 1
| #define STDC_HEADERS 1
| #define HAVE_FLOAT_H 1
| #define HAVE_LIMITS_H 1
| #define HAVE_MALLOC_H 1
| #define HAVE_MATH_H 1
| #define HAVE_STDDEF_H 1
| #define HAVE_STDLIB_H 1
| #define HAVE_STRING_H 1
| #define HAVE_SYS_TIME_H 1
| #define HAVE_UNISTD_H 1
| #define HAVE_WCHAR_H 1
| #define HAVE__BOOL 1
| #define HAVE_STDBOOL_H 1
| #define TIME_WITH_SYS_TIME 1
| #define HAVE_STDLIB_H 1
| #define HAVE_MALLOC 1
| #define HAVE_SYS_SELECT_H 1
| #define HAVE_SYS_SOCKET_H 1
| #define SELECT_TYPE_ARG1 int
| #define SELECT_TYPE_ARG234 (fd_set *)
| #define SELECT_TYPE_ARG5 (struct timeval *)
| #define RETSIGTYPE void
| #define LSTAT_FOLLOWS_SLASHED_SYMLINK 1
| /* end confdefs.h.  */
| /* Define floor to an innocuous variant, in case <limits.h> declares floor.
|    For example, HP-UX 11i <limits.h> declares gettimeofday.  */
| #define floor innocuous_floor
| 
| /* System header to define __stub macros and hopefully few prototypes,
|     which can conflict with char floor (); below.
|     Prefer <limits.h> to <assert.h> if __STDC__ is defined, since
|     <limits.h> exists even on freestanding compilers.  */
| 
| #ifdef __STDC__
| # include <limits.h>
| #else
| # include <assert.h>
| #endif
| 
| #undef floor
| 
| /* Override any GCC internal prototype to avoid an error.
|    Use char because int might match the return type of a GCC
|    builtin and then its argument prototype would still apply.  */
| #ifdef __cplusplus
| extern "C"
| #endif
| char floor ();
| /* The GNU C library defines this for functions which it implements
|     to always fail with ENOSYS.  Some functions are actually named
|     something starting with __ and the normal name is an alias.  */
| #if defined __stub_floor || defined __stub___floor
| choke me
| #endif
| 
| int
| main ()
| {
| return floor ();
|   ;
|   return 0;
| }
configure:17483: result: no
configure:17483: checking for getcwd
configure:17483: gcc -o conftest -g -O2   conftest.c -lpthread -lGLU -lGL >&5
configure:17483: $? = 0
configure:17483: result: yes
configure:17483: checking for gettimeofday
configure:17483: gcc -o conftest -g -O2   conftest.c -lpthread -lGLU -lGL >&5
configure:17483: $? = 0
configure:17483: result: yes
configure:17483: checking for memset
configure:17483: gcc -o conftest -g -O2   conftest.c -lpthread -lGLU -lGL >&5
conftest.c:86:6: warning: conflicting types for built-in function 'memset' [enabled by default]
 char memset ();
      ^
configure:17483: $? = 0
configure:17483: result: yes
configure:17483: checking for pow
configure:17483: gcc -o conftest -g -O2   conftest.c -lpthread -lGLU -lGL >&5
conftest.c:87:6: warning: conflicting types for built-in function 'pow' [enabled by default]
 char pow ();
      ^
/tmp/ccmQmgA2.o: In function `main':
/home/samuel/Development/EcoGem/Nas/sumo-0.14.0-hib/conftest.c:98: undefined reference to `pow'
collect2: error: ld returned 1 exit status
configure:17483: $? = 1
configure: failed program was:
| /* confdefs.h */
| #define PACKAGE_NAME "sumo"
| #define PACKAGE_TARNAME "sumo"
| #define PACKAGE_VERSION "0.14.0"
| #define PACKAGE_STRING "sumo 0.14.0"
| #define PACKAGE_BUGREPORT ""
| #define PACKAGE_URL ""
| #define PACKAGE "sumo"
| #define VERSION "0.14.0"
| #define _DEBUG 1
| #define STDC_HEADERS 1
| #define HAVE_SYS_TYPES_H 1
| #define HAVE_SYS_STAT_H 1
| #define HAVE_STDLIB_H 1
| #define HAVE_STRING_H 1
| #define HAVE_MEMORY_H 1
| #define HAVE_STRINGS_H 1
| #define HAVE_INTTYPES_H 1
| #define HAVE_STDINT_H 1
| #define HAVE_UNISTD_H 1
| #define HAVE_DLFCN_H 1
| #define LT_OBJDIR ".libs/"
| #define HAVE_INTERNAL_LANES 1
| #define SUMOReal double
| #define HAVE_SUBSECOND_TIMESTEPS 1
| #define POSITION_EPS 0.1
| #define OUTPUT_ACCURACY 2
| #define GEO_OUTPUT_ACCURACY 6
| #define XERCES3_SIZE_t XMLSize_t
| #define VERSION_STRING "0.14.0"
| #define HAVE_PROJ 1
| #define HAVE_GDAL 1
| #define HAVE_GL_GL_H 1
| #define HAVE_GL_GLU_H 1
| #define HAVE_ALLOCA_H 1
| #define HAVE_ALLOCA 1
| #define STDC_HEADERS 1
| #define HAVE_FLOAT_H 1
| #define HAVE_LIMITS_H 1
| #define HAVE_MALLOC_H 1
| #define HAVE_MATH_H 1
| #define HAVE_STDDEF_H 1
| #define HAVE_STDLIB_H 1
| #define HAVE_STRING_H 1
| #define HAVE_SYS_TIME_H 1
| #define HAVE_UNISTD_H 1
| #define HAVE_WCHAR_H 1
| #define HAVE__BOOL 1
| #define HAVE_STDBOOL_H 1
| #define TIME_WITH_SYS_TIME 1
| #define HAVE_STDLIB_H 1
| #define HAVE_MALLOC 1
| #define HAVE_SYS_SELECT_H 1
| #define HAVE_SYS_SOCKET_H 1
| #define SELECT_TYPE_ARG1 int
| #define SELECT_TYPE_ARG234 (fd_set *)
| #define SELECT_TYPE_ARG5 (struct timeval *)
| #define RETSIGTYPE void
| #define LSTAT_FOLLOWS_SLASHED_SYMLINK 1
| #define HAVE_GETCWD 1
| #define HAVE_GETTIMEOFDAY 1
| #define HAVE_MEMSET 1
| /* end confdefs.h.  */
| /* Define pow to an innocuous variant, in case <limits.h> declares pow.
|    For example, HP-UX 11i <limits.h> declares gettimeofday.  */
| #define pow innocuous_pow
| 
| /* System header to define __stub macros and hopefully few prototypes,
|     which can conflict with char pow (); below.
|     Prefer <limits.h> to <assert.h> if __STDC__ is defined, since
|     <limits.h> exists even on freestanding compilers.  */
| 
| #ifdef __STDC__
| # include <limits.h>
| #else
| # include <assert.h>
| #endif
| 
| #undef pow
| 
| /* Override any GCC internal prototype to avoid an error.
|    Use char because int might match the return type of a GCC
|    builtin and then its argument prototype would still apply.  */
| #ifdef __cplusplus
| extern "C"
| #endif
| char pow ();
| /* The GNU C library defines this for functions which it implements
|     to always fail with ENOSYS.  Some functions are actually named
|     something starting with __ and the normal name is an alias.  */
| #if defined __stub_pow || defined __stub___pow
| choke me
| #endif
| 
| int
| main ()
| {
| return pow ();
|   ;
|   return 0;
| }
configure:17483: result: no
configure:17483: checking for select
configure:17483: gcc -o conftest -g -O2   conftest.c -lpthread -lGLU -lGL >&5
configure:17483: $? = 0
configure:17483: result: yes
configure:17483: checking for socket
configure:17483: gcc -o conftest -g -O2   conftest.c -lpthread -lGLU -lGL >&5
configure:17483: $? = 0
configure:17483: result: yes
configure:17483: checking for sqrt
configure:17483: gcc -o conftest -g -O2   conftest.c -lpthread -lGLU -lGL >&5
conftest.c:89:6: warning: conflicting types for built-in function 'sqrt' [enabled by default]
 char sqrt ();
      ^
/tmp/ccpiGy7k.o: In function `main':
/home/samuel/Development/EcoGem/Nas/sumo-0.14.0-hib/conftest.c:100: undefined reference to `sqrt'
collect2: error: ld returned 1 exit status
configure:17483: $? = 1
configure: failed program was:
| /* confdefs.h */
| #define PACKAGE_NAME "sumo"
| #define PACKAGE_TARNAME "sumo"
| #define PACKAGE_VERSION "0.14.0"
| #define PACKAGE_STRING "sumo 0.14.0"
| #define PACKAGE_BUGREPORT ""
| #define PACKAGE_URL ""
| #define PACKAGE "sumo"
| #define VERSION "0.14.0"
| #define _DEBUG 1
| #define STDC_HEADERS 1
| #define HAVE_SYS_TYPES_H 1
| #define HAVE_SYS_STAT_H 1
| #define HAVE_STDLIB_H 1
| #define HAVE_STRING_H 1
| #define HAVE_MEMORY_H 1
| #define HAVE_STRINGS_H 1
| #define HAVE_INTTYPES_H 1
| #define HAVE_STDINT_H 1
| #define HAVE_UNISTD_H 1
| #define HAVE_DLFCN_H 1
| #define LT_OBJDIR ".libs/"
| #define HAVE_INTERNAL_LANES 1
| #define SUMOReal double
| #define HAVE_SUBSECOND_TIMESTEPS 1
| #define POSITION_EPS 0.1
| #define OUTPUT_ACCURACY 2
| #define GEO_OUTPUT_ACCURACY 6
| #define XERCES3_SIZE_t XMLSize_t
| #define VERSION_STRING "0.14.0"
| #define HAVE_PROJ 1
| #define HAVE_GDAL 1
| #define HAVE_GL_GL_H 1
| #define HAVE_GL_GLU_H 1
| #define HAVE_ALLOCA_H 1
| #define HAVE_ALLOCA 1
| #define STDC_HEADERS 1
| #define HAVE_FLOAT_H 1
| #define HAVE_LIMITS_H 1
| #define HAVE_MALLOC_H 1
| #define HAVE_MATH_H 1
| #define HAVE_STDDEF_H 1
| #define HAVE_STDLIB_H 1
| #define HAVE_STRING_H 1
| #define HAVE_SYS_TIME_H 1
| #define HAVE_UNISTD_H 1
| #define HAVE_WCHAR_H 1
| #define HAVE__BOOL 1
| #define HAVE_STDBOOL_H 1
| #define TIME_WITH_SYS_TIME 1
| #define HAVE_STDLIB_H 1
| #define HAVE_MALLOC 1
| #define HAVE_SYS_SELECT_H 1
| #define HAVE_SYS_SOCKET_H 1
| #define SELECT_TYPE_ARG1 int
| #define SELECT_TYPE_ARG234 (fd_set *)
| #define SELECT_TYPE_ARG5 (struct timeval *)
| #define RETSIGTYPE void
| #define LSTAT_FOLLOWS_SLASHED_SYMLINK 1
| #define HAVE_GETCWD 1
| #define HAVE_GETTIMEOFDAY 1
| #define HAVE_MEMSET 1
| #define HAVE_SELECT 1
| #define HAVE_SOCKET 1
| /* end confdefs.h.  */
| /* Define sqrt to an innocuous variant, in case <limits.h> declares sqrt.
|    For example, HP-UX 11i <limits.h> declares gettimeofday.  */
| #define sqrt innocuous_sqrt
| 
| /* System header to define __stub macros and hopefully few prototypes,
|     which can conflict with char sqrt (); below.
|     Prefer <limits.h> to <assert.h> if __STDC__ is defined, since
|     <limits.h> exists even on freestanding compilers.  */
| 
| #ifdef __STDC__
| # include <limits.h>
| #else
| # include <assert.h>
| #endif
| 
| #undef sqrt
| 
| /* Override any GCC internal prototype to avoid an error.
|    Use char because int might match the return type of a GCC
|    builtin and then its argument prototype would still apply.  */
| #ifdef __cplusplus
| extern "C"
| #endif
| char sqrt ();
| /* The GNU C library defines this for functions which it implements
|     to always fail with ENOSYS.  Some functions are actually named
|     something starting with __ and the normal name is an alias.  */
| #if defined __stub_sqrt || defined __stub___sqrt
| choke me
| #endif
| 
| int
| main ()
| {
| return sqrt ();
|   ;
|   return 0;
| }
configure:17483: result: no
configure:17666: creating ./config.status

## ---------------------- ##
## Running config.status. ##
## ---------------------- ##

This file was extended by sumo config.status 0.14.0, which was
generated by GNU Autoconf 2.68.  Invocation command line was

  CONFIG_FILES    = 
  CONFIG_HEADERS  = 
  CONFIG_LINKS    = 
  CONFIG_COMMANDS = 
  $ ./config.status 

on samuelhiiberia

config.status:1303: creating src/Makefile
config.status:1303: creating src/activitygen/Makefile
config.status:1303: creating src/activitygen/activities/Makefile
config.status:1303: creating src/activitygen/city/Makefile
config.status:1303: creating src/foreign/Makefile
config.status:1303: creating src/foreign/eulerspiral/Makefile
config.status:1303: creating src/foreign/gl2ps/Makefile
config.status:1303: creating src/foreign/mersenne/Makefile
config.status:1303: creating src/foreign/nvwa/Makefile
config.status:1303: creating src/foreign/polyfonts/Makefile
config.status:1303: creating src/foreign/rtree/Makefile
config.status:1303: creating src/foreign/tcpip/Makefile
config.status:1303: creating src/gui/Makefile
config.status:1303: creating src/gui/dialogs/Makefile
config.status:1303: creating src/guinetload/Makefile
config.status:1303: creating src/guisim/Makefile
config.status:1303: creating src/microsim/Makefile
config.status:1303: creating src/microsim/actions/Makefile
config.status:1303: creating src/microsim/cfmodels/Makefile
config.status:1303: creating src/microsim/devices/Makefile
config.status:1303: creating src/microsim/logging/Makefile
config.status:1303: creating src/microsim/output/Makefile
config.status:1303: creating src/microsim/traffic_lights/Makefile
config.status:1303: creating src/microsim/trigger/Makefile
config.status:1303: creating src/netbuild/Makefile
config.status:1303: creating src/netgen/Makefile
config.status:1303: creating src/netimport/Makefile
config.status:1303: creating src/netimport/vissim/Makefile
config.status:1303: creating src/netimport/vissim/tempstructs/Makefile
config.status:1303: creating src/netimport/vissim/typeloader/Makefile
config.status:1303: creating src/netload/Makefile
config.status:1303: creating src/netwrite/Makefile
config.status:1303: creating src/od2trips/Makefile
config.status:1303: creating src/polyconvert/Makefile
config.status:1303: creating src/router/Makefile
config.status:1303: creating src/scenload/Makefile
config.status:1303: creating src/dfrouter/Makefile
config.status:1303: creating src/duarouter/Makefile
config.status:1303: creating src/jtrrouter/Makefile
config.status:1303: creating src/traci_testclient/Makefile
config.status:1303: creating src/traci-server/Makefile
config.status:1303: creating src/utils/Makefile
config.status:1303: creating src/utils/common/Makefile
config.status:1303: creating src/utils/distribution/Makefile
config.status:1303: creating src/utils/foxtools/Makefile
config.status:1303: creating src/utils/geom/Makefile
config.status:1303: creating src/utils/gui/Makefile
config.status:1303: creating src/utils/gui/div/Makefile
config.status:1303: creating src/utils/gui/events/Makefile
config.status:1303: creating src/utils/gui/globjects/Makefile
config.status:1303: creating src/utils/gui/images/Makefile
config.status:1303: creating src/utils/gui/settings/Makefile
config.status:1303: creating src/utils/gui/tracker/Makefile
config.status:1303: creating src/utils/gui/windows/Makefile
config.status:1303: creating src/utils/importio/Makefile
config.status:1303: creating src/utils/iodevices/Makefile
config.status:1303: creating src/utils/options/Makefile
config.status:1303: creating src/utils/shapes/Makefile
config.status:1303: creating src/utils/xml/Makefile
config.status:1303: creating unittest/Makefile
config.status:1303: creating unittest/src/Makefile
config.status:1303: creating unittest/src/microsim/Makefile
config.status:1303: creating unittest/src/netbuild/Makefile
config.status:1303: creating unittest/src/utils/Makefile
config.status:1303: creating unittest/src/utils/common/Makefile
config.status:1303: creating unittest/src/utils/geom/Makefile
config.status:1303: creating unittest/src/utils/iodevices/Makefile
config.status:1303: creating bin/Makefile
config.status:1303: creating Makefile
config.status:1303: creating src/config.h
config.status:1484: src/config.h is unchanged
config.status:1532: executing depfiles commands
config.status:1532: executing libtool commands
configure:20233: WARNING: unrecognized options: --with-gdal-config
configure:20239: result: 
configure:20241: result: Optional features summary
configure:20243: result: -------------------------
configure:20245: result: Enabled: Debug InternalLanes DoublePrecision Subsecond TRACI PROJ GDAL GUI
configure:20247: result: Disabled: Profile Messages MemoryChecks UnitTests Python

## ---------------- ##
## Cache variables. ##
## ---------------- ##

ac_cv_build=x86_64-unknown-linux-gnu
ac_cv_c_compiler_gnu=yes
ac_cv_c_const=yes
ac_cv_c_inline=inline
ac_cv_c_volatile=yes
ac_cv_cxx_compiler_gnu=yes
ac_cv_env_CCC_set=
ac_cv_env_CCC_value=
ac_cv_env_CC_set=
ac_cv_env_CC_value=
ac_cv_env_CFLAGS_set=
ac_cv_env_CFLAGS_value=
ac_cv_env_CPPFLAGS_set=
ac_cv_env_CPPFLAGS_value=
ac_cv_env_CPP_set=
ac_cv_env_CPP_value=
ac_cv_env_CXXCPP_set=
ac_cv_env_CXXCPP_value=
ac_cv_env_CXXFLAGS_set=
ac_cv_env_CXXFLAGS_value=
ac_cv_env_CXX_set=
ac_cv_env_CXX_value=
ac_cv_env_LDFLAGS_set=
ac_cv_env_LDFLAGS_value=
ac_cv_env_LIBS_set=set
ac_cv_env_LIBS_value='-lpthread -lGLU -lGL'
ac_cv_env_PKG_CONFIG_LIBDIR_set=
ac_cv_env_PKG_CONFIG_LIBDIR_value=
ac_cv_env_PKG_CONFIG_PATH_set=
ac_cv_env_PKG_CONFIG_PATH_value=
ac_cv_env_PKG_CONFIG_set=
ac_cv_env_PKG_CONFIG_value=
ac_cv_env_XERCES_CFLAGS_set=
ac_cv_env_XERCES_CFLAGS_value=
ac_cv_env_XERCES_LIBS_set=
ac_cv_env_XERCES_LIBS_value=
ac_cv_env_build_alias_set=
ac_cv_env_build_alias_value=
ac_cv_env_host_alias_set=
ac_cv_env_host_alias_value=
ac_cv_env_target_alias_set=
ac_cv_env_target_alias_value=
ac_cv_func_alloca_works=yes
ac_cv_func_floor=no
ac_cv_func_getcwd=yes
ac_cv_func_gettimeofday=yes
ac_cv_func_lstat_dereferences_slashed_symlink=yes
ac_cv_func_malloc_0_nonnull=yes
ac_cv_func_memset=yes
ac_cv_func_pow=no
ac_cv_func_select=yes
ac_cv_func_select_args='int,fd_set *,struct timeval *'
ac_cv_func_socket=yes
ac_cv_func_sqrt=no
ac_cv_func_stat_empty_string_bug=no
ac_cv_header_GL_gl_h=yes
ac_cv_header_GL_glu_h=yes
ac_cv_header_dlfcn_h=yes
ac_cv_header_float_h=yes
ac_cv_header_fxver_h=yes
ac_cv_header_inttypes_h=yes
ac_cv_header_limits_h=yes
ac_cv_header_malloc_h=yes
ac_cv_header_math_h=yes
ac_cv_header_memory_h=yes
ac_cv_header_ogr_api_h=yes
ac_cv_header_proj_api_h=yes
ac_cv_header_stdbool_h=yes
ac_cv_header_stdc=yes
ac_cv_header_stddef_h=yes
ac_cv_header_stdint_h=yes
ac_cv_header_stdlib_h=yes
ac_cv_header_string_h=yes
ac_cv_header_strings_h=yes
ac_cv_header_sys_select_h=yes
ac_cv_header_sys_socket_h=yes
ac_cv_header_sys_stat_h=yes
ac_cv_header_sys_time_h=yes
ac_cv_header_sys_types_h=yes
ac_cv_header_time=yes
ac_cv_header_unistd_h=yes
ac_cv_header_wchar_h=yes
ac_cv_header_xercesc_util_XercesVersion_hpp=yes
ac_cv_host=x86_64-unknown-linux-gnu
ac_cv_lib_FOX_1_6___main=yes
ac_cv_lib_error_at_line=yes
ac_cv_lib_gdal___main=yes
ac_cv_lib_proj___main=yes
ac_cv_lib_xerces_c___main=yes
ac_cv_objext=o
ac_cv_path_EGREP='/bin/grep -E'
ac_cv_path_FGREP='/bin/grep -F'
ac_cv_path_GREP=/bin/grep
ac_cv_path_SED=/bin/sed
ac_cv_path_ac_pt_PKG_CONFIG=/usr/bin/pkg-config
ac_cv_path_install='/usr/bin/install -c'
ac_cv_path_mkdir=/bin/mkdir
ac_cv_prog_AWK=mawk
ac_cv_prog_CPP='gcc -E'
ac_cv_prog_CXXCPP='g++ -E'
ac_cv_prog_ac_ct_AR=ar
ac_cv_prog_ac_ct_CC=gcc
ac_cv_prog_ac_ct_CXX=g++
ac_cv_prog_ac_ct_MANIFEST_TOOL=mt
ac_cv_prog_ac_ct_OBJDUMP=objdump
ac_cv_prog_ac_ct_RANLIB=ranlib
ac_cv_prog_ac_ct_STRIP=strip
ac_cv_prog_cc_c89=
ac_cv_prog_cc_g=yes
ac_cv_prog_cxx_g=yes
ac_cv_prog_make_make_set=yes
ac_cv_struct_tm=time.h
ac_cv_target=x86_64-unknown-linux-gnu
ac_cv_type__Bool=yes
ac_cv_type_signal=void
ac_cv_type_size_t=yes
ac_cv_working_alloca_h=yes
am_cv_CC_dependencies_compiler_type=gcc3
am_cv_CXX_dependencies_compiler_type=gcc3
am_cv_prog_tar_ustar=gnutar
lt_cv_ar_at_file=@
lt_cv_archive_cmds_need_lc=no
lt_cv_deplibs_check_method=pass_all
lt_cv_file_magic_cmd='$MAGIC_CMD'
lt_cv_file_magic_test_file=
lt_cv_ld_reload_flag=-r
lt_cv_nm_interface='BSD nm'
lt_cv_objdir=.libs
lt_cv_path_LD=/usr/bin/ld
lt_cv_path_LDCXX='/usr/bin/ld -m elf_x86_64'
lt_cv_path_NM='/usr/bin/nm -B'
lt_cv_path_mainfest_tool=no
lt_cv_prog_compiler_c_o=yes
lt_cv_prog_compiler_c_o_CXX=yes
lt_cv_prog_compiler_pic='-fPIC -DPIC'
lt_cv_prog_compiler_pic_CXX='-fPIC -DPIC'
lt_cv_prog_compiler_pic_works=yes
lt_cv_prog_compiler_pic_works_CXX=yes
lt_cv_prog_compiler_rtti_exceptions=no
lt_cv_prog_compiler_static_works=no
lt_cv_prog_compiler_static_works_CXX=no
lt_cv_prog_gnu_ld=yes
lt_cv_prog_gnu_ldcxx=yes
lt_cv_sharedlib_from_linklib_cmd='printf %s\n'
lt_cv_shlibpath_overrides_runpath=no
lt_cv_sys_global_symbol_pipe='sed -n -e '\''s/^.*[	 ]\([ABCDGIRSTW][ABCDGIRSTW]*\)[	 ][	 ]*\([_A-Za-z][_A-Za-z0-9]*\)$/\1 \2 \2/p'\'' | sed '\''/ __gnu_lto/d'\'''
lt_cv_sys_global_symbol_to_c_name_address='sed -n -e '\''s/^: \([^ ]*\)[ ]*$/  {\"\1\", (void *) 0},/p'\'' -e '\''s/^[ABCDGIRSTW]* \([^ ]*\) \([^ ]*\)$/  {"\2", (void *) \&\2},/p'\'''
lt_cv_sys_global_symbol_to_c_name_address_lib_prefix='sed -n -e '\''s/^: \([^ ]*\)[ ]*$/  {\"\1\", (void *) 0},/p'\'' -e '\''s/^[ABCDGIRSTW]* \([^ ]*\) \(lib[^ ]*\)$/  {"\2", (void *) \&\2},/p'\'' -e '\''s/^[ABCDGIRSTW]* \([^ ]*\) \([^ ]*\)$/  {"lib\2", (void *) \&\2},/p'\'''
lt_cv_sys_global_symbol_to_cdecl='sed -n -e '\''s/^T .* \(.*\)$/extern int \1();/p'\'' -e '\''s/^[ABCDGIRSTW]* .* \(.*\)$/extern char \1;/p'\'''
lt_cv_sys_max_cmd_len=1572864
lt_cv_to_host_file_cmd=func_convert_file_noop
lt_cv_to_tool_file_cmd=func_convert_file_noop
pkg_cv_XERCES_CFLAGS=' '
pkg_cv_XERCES_LIBS='-lxerces-c  '

## ----------------- ##
## Output variables. ##
## ----------------- ##

ACLOCAL='${SHELL} /home/samuel/Development/EcoGem/Nas/sumo-0.14.0-hib/missing --run aclocal-1.11'
ALLOCA=''
AMDEPBACKSLASH='\'
AMDEP_FALSE='#'
AMDEP_TRUE=''
AMTAR='$${TAR-tar}'
AM_CPPFLAGS='-I/home/samuel/Development/EcoGem/Nas/sumo-0.14.0-hib/./src -I/home/samuel/Development/EcoGem/sumo-0.20/libfox-1.6.46-alt3.qa1.src/fox-1.6.46/include/fox-1.6 -I/usr/include/fox-1.6 -I/home/samuel/Development/EcoGem/sumo-0.20/gdalBin/include  -I/usr/local/include -I/usr/include '
AM_CXXFLAGS=''
AR='ar'
AUTOCONF='${SHELL} /home/samuel/Development/EcoGem/Nas/sumo-0.14.0-hib/missing --run autoconf'
AUTOHEADER='${SHELL} /home/samuel/Development/EcoGem/Nas/sumo-0.14.0-hib/missing --run autoheader'
AUTOMAKE='${SHELL} /home/samuel/Development/EcoGem/Nas/sumo-0.14.0-hib/missing --run automake-1.11'
AWK='mawk'
CC='gcc'
CCDEPMODE='depmode=gcc3'
CFLAGS='-g -O2'
CHECK_MEMORY_LEAKS_FALSE=''
CHECK_MEMORY_LEAKS_TRUE='#'
CPP='gcc -E'
CPPFLAGS=''
CXX='g++'
CXXCPP='g++ -E'
CXXDEPMODE='depmode=gcc3'
CXXFLAGS='-g -pthread '
CYGPATH_W='echo'
DEFS='-DHAVE_CONFIG_H'
DEPDIR='.deps'
DLLTOOL='false'
DSYMUTIL=''
DUMPBIN=''
ECHO_C=''
ECHO_N='-n'
ECHO_T=''
EGREP='/bin/grep -E'
EXEEXT=''
FGREP='/bin/grep -F'
FOX_LDFLAGS='-L/home/samuel/Development/EcoGem/sumo-0.20/libfox-1.6.46-alt3.qa1.src/fox-1.6.46/lib'
GDAL_LDFLAGS='-L/home/samuel/Development/EcoGem/sumo-0.20/gdalBin/lib'
GREP='/bin/grep'
INSTALL_DATA='${INSTALL} -m 644'
INSTALL_PROGRAM='${INSTALL}'
INSTALL_SCRIPT='${INSTALL}'
INSTALL_STRIP_PROGRAM='$(install_sh) -c -s'
LD='/usr/bin/ld -m elf_x86_64'
LDFLAGS=''
LIBOBJS=''
LIBS='-lpthread -lGLU -lGL'
LIBTOOL='$(SHELL) $(top_builddir)/libtool'
LIB_FOX='FOX-1.6'
LIB_GDAL='gdal'
LIB_GTEST=''
LIB_PROJ='proj'
LIB_XERCES='xerces-c'
LIPO=''
LN_S='ln -s'
LTLIBOBJS=''
MAKEINFO='${SHELL} /home/samuel/Development/EcoGem/Nas/sumo-0.14.0-hib/missing --run makeinfo'
MANIFEST_TOOL=':'
MESOSIM_FALSE=''
MESOSIM_TRUE='#'
MKDIR_P='/bin/mkdir -p'
NM='/usr/bin/nm -B'
NMEDIT=''
OBJDUMP='objdump'
OBJEXT='o'
OTOOL64=''
OTOOL=''
PACKAGE='sumo'
PACKAGE_BUGREPORT=''
PACKAGE_NAME='sumo'
PACKAGE_STRING='sumo 0.14.0'
PACKAGE_TARNAME='sumo'
PACKAGE_URL=''
PACKAGE_VERSION='0.14.0'
PATH_SEPARATOR=':'
PKG_CONFIG='/usr/bin/pkg-config'
PKG_CONFIG_LIBDIR=''
PKG_CONFIG_PATH=''
PROJ_LDFLAGS=''
PYTHON_LIBS=''
RANLIB='ranlib'
SED='/bin/sed'
SET_MAKE=''
SHELL='/bin/bash'
STRIP='strip'
TRACI_FALSE='#'
TRACI_TRUE=''
VERSION='0.14.0'
WITH_GDAL_FALSE='#'
WITH_GDAL_TRUE=''
WITH_GTEST_FALSE=''
WITH_GTEST_TRUE='#'
WITH_GUI_FALSE='#'
WITH_GUI_TRUE=''
WITH_PROJ_FALSE='#'
WITH_PROJ_TRUE=''
WITH_PYTHON_FALSE=''
WITH_PYTHON_TRUE='#'
WITH_VERSION_H_FALSE=''
WITH_VERSION_H_TRUE='#'
XERCES_CFLAGS=' '
XERCES_LDFLAGS=''
XERCES_LIBS='-lxerces-c  '
ac_ct_AR='ar'
ac_ct_CC='gcc'
ac_ct_CXX='g++'
ac_ct_DUMPBIN=''
am__EXEEXT_FALSE=''
am__EXEEXT_TRUE='#'
am__fastdepCC_FALSE='#'
am__fastdepCC_TRUE=''
am__fastdepCXX_FALSE='#'
am__fastdepCXX_TRUE=''
am__include='include'
am__isrc=''
am__leading_dot='.'
am__nodep='_no'
am__quote=''
am__tar='tar --format=ustar -chf - "$$tardir"'
am__untar='tar -xf -'
bindir='${exec_prefix}/bin'
build='x86_64-unknown-linux-gnu'
build_alias=''
build_cpu='x86_64'
build_os='linux-gnu'
build_vendor='unknown'
datadir='${datarootdir}'
datarootdir='${prefix}/share'
docdir='${datarootdir}/doc/${PACKAGE_TARNAME}'
dvidir='${docdir}'
exec_prefix='${prefix}'
host='x86_64-unknown-linux-gnu'
host_alias=''
host_cpu='x86_64'
host_os='linux-gnu'
host_vendor='unknown'
htmldir='${docdir}'
includedir='${prefix}/include'
infodir='${datarootdir}/info'
install_sh='${SHELL} /home/samuel/Development/EcoGem/Nas/sumo-0.14.0-hib/install-sh'
libdir='${exec_prefix}/lib'
libexecdir='${exec_prefix}/libexec'
localedir='${datarootdir}/locale'
localstatedir='${prefix}/var'
mandir='${datarootdir}/man'
mkdir_p='/bin/mkdir -p'
oldincludedir='/usr/include'
pdfdir='${docdir}'
prefix='/usr/local'
program_transform_name='s,x,x,'
psdir='${docdir}'
sbindir='${exec_prefix}/sbin'
sharedstatedir='${prefix}/com'
sysconfdir='${prefix}/etc'
target='x86_64-unknown-linux-gnu'
target_alias=''
target_cpu='x86_64'
target_os='linux-gnu'
target_vendor='unknown'

## ----------- ##
## confdefs.h. ##
## ----------- ##

/* confdefs.h */
#define PACKAGE_NAME "sumo"
#define PACKAGE_TARNAME "sumo"
#define PACKAGE_VERSION "0.14.0"
#define PACKAGE_STRING "sumo 0.14.0"
#define PACKAGE_BUGREPORT ""
#define PACKAGE_URL ""
#define PACKAGE "sumo"
#define VERSION "0.14.0"
#define _DEBUG 1
#define STDC_HEADERS 1
#define HAVE_SYS_TYPES_H 1
#define HAVE_SYS_STAT_H 1
#define HAVE_STDLIB_H 1
#define HAVE_STRING_H 1
#define HAVE_MEMORY_H 1
#define HAVE_STRINGS_H 1
#define HAVE_INTTYPES_H 1
#define HAVE_STDINT_H 1
#define HAVE_UNISTD_H 1
#define HAVE_DLFCN_H 1
#define LT_OBJDIR ".libs/"
#define HAVE_INTERNAL_LANES 1
#define SUMOReal double
#define HAVE_SUBSECOND_TIMESTEPS 1
#define POSITION_EPS 0.1
#define OUTPUT_ACCURACY 2
#define GEO_OUTPUT_ACCURACY 6
#define XERCES3_SIZE_t XMLSize_t
#define VERSION_STRING "0.14.0"
#define HAVE_PROJ 1
#define HAVE_GDAL 1
#define HAVE_GL_GL_H 1
#define HAVE_GL_GLU_H 1
#define HAVE_ALLOCA_H 1
#define HAVE_ALLOCA 1
#define STDC_HEADERS 1
#define HAVE_FLOAT_H 1
#define HAVE_LIMITS_H 1
#define HAVE_MALLOC_H 1
#define HAVE_MATH_H 1
#define HAVE_STDDEF_H 1
#define HAVE_STDLIB_H 1
#define HAVE_STRING_H 1
#define HAVE_SYS_TIME_H 1
#define HAVE_UNISTD_H 1
#define HAVE_WCHAR_H 1
#define HAVE__BOOL 1
#define HAVE_STDBOOL_H 1
#define TIME_WITH_SYS_TIME 1
#define HAVE_STDLIB_H 1
#define HAVE_MALLOC 1
#define HAVE_SYS_SELECT_H 1
#define HAVE_SYS_SOCKET_H 1
#define SELECT_TYPE_ARG1 int
#define SELECT_TYPE_ARG234 (fd_set *)
#define SELECT_TYPE_ARG5 (struct timeval *)
#define RETSIGTYPE void
#define LSTAT_FOLLOWS_SLASHED_SYMLINK 1
#define HAVE_GETCWD 1
#define HAVE_GETTIMEOFDAY 1
#define HAVE_MEMSET 1
#define HAVE_SELECT 1
#define HAVE_SOCKET 1

configure: exit 0
